C:\Program Files (x86)\MSBuild\Microsoft.Cpp\v4.0\V140\Microsoft.CppBuild.targets(392,5): warning MSB8028: The intermediate directory (Debug\) contains files shared from another project (Empiria.vcxproj).  This can lead to incorrect clean and rebuild behavior.
  main.cpp
e:\counter-strike team coacher project\base\empiria\main.cpp(9): warning C4244: 'argument': conversion from 'time_t' to 'unsigned int', possible loss of data
  IWindow.cpp
e:\counter-strike team coacher project\base\empiria\iwindow.cpp(22): warning C4244: 'argument': conversion from 'int' to 'float', possible loss of data
e:\counter-strike team coacher project\base\empiria\iwindow.cpp(61): warning C4244: '+=': conversion from 'float' to 'int', possible loss of data
e:\counter-strike team coacher project\base\empiria\iwindow.cpp(65): warning C4244: 'argument': conversion from 'int' to 'float', possible loss of data
e:\counter-strike team coacher project\base\empiria\iwindow.cpp(67): warning C4244: '+=': conversion from 'float' to 'int', possible loss of data
  ITek.cpp
e:\counter-strike team coacher project\base\empiria\itek.cpp(63): warning C4018: '<': signed/unsigned mismatch
e:\counter-strike team coacher project\base\empiria\itek.cpp(121): warning C4018: '<': signed/unsigned mismatch
e:\counter-strike team coacher project\base\empiria\itek.cpp(162): warning C4018: '<': signed/unsigned mismatch
e:\counter-strike team coacher project\base\empiria\itek.cpp(269): warning C4018: '<': signed/unsigned mismatch
e:\counter-strike team coacher project\base\empiria\itek.cpp(349): warning C4018: '<': signed/unsigned mismatch
  FileSys.cpp
e:\counter-strike team coacher project\base\empiria\filesys.cpp(32): warning C4018: '<': signed/unsigned mismatch
  fastParser.cpp
e:\counter-strike team coacher project\base\empiria\fastparser.cpp(137): warning C4800: 'int': forcing value to bool 'true' or 'false' (performance warning)
e:\counter-strike team coacher project\base\empiria\fastparser.cpp(168): warning C4244: 'initializing': conversion from 'double' to 'float', possible loss of data
  Generating Code...
e:\counter-strike team coacher project\base\empiria\filesys.cpp(52): warning C4715: 'filesystem::GetIDByName': not all control paths return a value
e:\counter-strike team coacher project\base\empiria\filesys.cpp(14): warning C4715: 'filesystem::GetFileByName': not all control paths return a value
IWindow.obj : error LNK2019: unresolved external symbol "__declspec(dllimport) public: void __thiscall sf::Transformable::setPosition(float,float)" (__imp_?setPosition@Transformable@sf@@QAEXMM@Z) referenced in function "public: static void __cdecl IWindow::RenderOverlay(int,int,int,int,int,int,int,int)" (?RenderOverlay@IWindow@@SAXHHHHHHHH@Z)
IWindow.obj : error LNK2019: unresolved external symbol "__declspec(dllimport) public: void __thiscall sf::Transformable::setScale(class sf::Vector2<float> const &)" (__imp_?setScale@Transformable@sf@@QAEXABV?$Vector2@M@2@@Z) referenced in function "public: static void __cdecl IWindow::RenderOverlay(int,int,int,int,int,int,int,int)" (?RenderOverlay@IWindow@@SAXHHHHHHHH@Z)
IWindow.obj : error LNK2019: unresolved external symbol "__declspec(dllimport) public: __thiscall sf::Color::Color(unsigned char,unsigned char,unsigned char,unsigned char)" (__imp_??0Color@sf@@QAE@EEEE@Z) referenced in function "public: static void __cdecl IWindow::RenderOverlay(int,int,int,int,int,int,int,int)" (?RenderOverlay@IWindow@@SAXHHHHHHHH@Z)
main.obj : error LNK2001: unresolved external symbol "__declspec(dllimport) public: __thiscall sf::Color::Color(unsigned char,unsigned char,unsigned char,unsigned char)" (__imp_??0Color@sf@@QAE@EEEE@Z)
IWindow.obj : error LNK2019: unresolved external symbol "__declspec(dllimport) public: __thiscall sf::Texture::Texture(void)" (__imp_??0Texture@sf@@QAE@XZ) referenced in function "public: static void __cdecl IWindow::RenderOverlay(int,int,int,int,int,int,int,int)" (?RenderOverlay@IWindow@@SAXHHHHHHHH@Z)
IWindow.obj : error LNK2019: unresolved external symbol "__declspec(dllimport) public: __thiscall sf::Texture::~Texture(void)" (__imp_??1Texture@sf@@QAE@XZ) referenced in function "void __cdecl `public: static void __cdecl IWindow::RenderOverlay(int,int,int,int,int,int,int,int)'::`2'::`dynamic atexit destructor for 't''(void)" (??__Ft@?1??RenderOverlay@IWindow@@SAXHHHHHHHH@Z@YAXXZ)
IWindow.obj : error LNK2019: unresolved external symbol "__declspec(dllimport) public: bool __thiscall sf::Texture::loadFromMemory(void const *,unsigned int,class sf::Rect<int> const &)" (__imp_?loadFromMemory@Texture@sf@@QAE_NPBXIABV?$Rect@H@2@@Z) referenced in function "public: static void __cdecl IWindow::RenderOverlay(int,int,int,int,int,int,int,int)" (?RenderOverlay@IWindow@@SAXHHHHHHHH@Z)
IWindow.obj : error LNK2019: unresolved external symbol "__declspec(dllimport) public: void __thiscall sf::RenderTarget::draw(class sf::Drawable const &,class sf::RenderStates const &)" (__imp_?draw@RenderTarget@sf@@QAEXABVDrawable@2@ABVRenderStates@2@@Z) referenced in function "public: static void __cdecl IWindow::AddToRenderList(class sf::Drawable &)" (?AddToRenderList@IWindow@@SAXAAVDrawable@sf@@@Z)
IWindow.obj : error LNK2019: unresolved external symbol "__declspec(dllimport) public: __thiscall sf::Sprite::Sprite(void)" (__imp_??0Sprite@sf@@QAE@XZ) referenced in function "public: static void __cdecl IWindow::RenderOverlay(int,int,int,int,int,int,int,int)" (?RenderOverlay@IWindow@@SAXHHHHHHHH@Z)
IWindow.obj : error LNK2019: unresolved external symbol "__declspec(dllimport) public: void __thiscall sf::Sprite::setTexture(class sf::Texture const &,bool)" (__imp_?setTexture@Sprite@sf@@QAEXABVTexture@2@_N@Z) referenced in function "public: static void __cdecl IWindow::RenderOverlay(int,int,int,int,int,int,int,int)" (?RenderOverlay@IWindow@@SAXHHHHHHHH@Z)
IWindow.obj : error LNK2019: unresolved external symbol "__declspec(dllimport) public: void __thiscall sf::Sprite::setTextureRect(class sf::Rect<int> const &)" (__imp_?setTextureRect@Sprite@sf@@QAEXABV?$Rect@H@2@@Z) referenced in function "public: static void __cdecl IWindow::RenderText(int,int,int,int,int,int,int,char *)" (?RenderText@IWindow@@SAXHHHHHHHPAD@Z)
IWindow.obj : error LNK2019: unresolved external symbol "__declspec(dllimport) public: void __thiscall sf::Sprite::setColor(class sf::Color const &)" (__imp_?setColor@Sprite@sf@@QAEXABVColor@2@@Z) referenced in function "public: static void __cdecl IWindow::RenderOverlay(int,int,int,int,int,int,int,int)" (?RenderOverlay@IWindow@@SAXHHHHHHHH@Z)
IWindow.obj : error LNK2019: unresolved external symbol "__declspec(dllimport) public: virtual __thiscall sf::Sprite::~Sprite(void)" (__imp_??1Sprite@sf@@UAE@XZ) referenced in function "void __cdecl `public: static void __cdecl IWindow::RenderOverlay(int,int,int,int,int,int,int,int)'::`2'::`dynamic atexit destructor for 'a''(void)" (??__Fa@?1??RenderOverlay@IWindow@@SAXHHHHHHHH@Z@YAXXZ)
IWindow.obj : error LNK2001: unresolved external symbol "__declspec(dllimport) public: static class sf::RenderStates const sf::RenderStates::Default" (__imp_?Default@RenderStates@sf@@2V12@B)
main.obj : error LNK2001: unresolved external symbol "public: virtual class sf::Vector2<unsigned int> __thiscall sf::RenderWindow::getSize(void)const " (?getSize@RenderWindow@sf@@UBE?AV?$Vector2@I@2@XZ)
main.obj : error LNK2001: unresolved external symbol "protected: virtual void __thiscall sf::RenderWindow::onCreate(void)" (?onCreate@RenderWindow@sf@@MAEXXZ)
main.obj : error LNK2001: unresolved external symbol "protected: virtual void __thiscall sf::RenderWindow::onResize(void)" (?onResize@RenderWindow@sf@@MAEXXZ)
main.obj : error LNK2001: unresolved external symbol "private: virtual bool __thiscall sf::RenderWindow::activate(bool)" (?activate@RenderWindow@sf@@EAE_N_N@Z)
main.obj : error LNK2019: unresolved external symbol "__declspec(dllimport) public: __thiscall sf::String::String(char const *,class std::locale const &)" (__imp_??0String@sf@@QAE@PBDABVlocale@std@@@Z) referenced in function _main
main.obj : error LNK2019: unresolved external symbol "__declspec(dllimport) public: __thiscall sf::String::~String(void)" (__imp_??1String@sf@@QAE@XZ) referenced in function _main
main.obj : error LNK2019: unresolved external symbol "__declspec(dllimport) public: __thiscall sf::VideoMode::VideoMode(unsigned int,unsigned int,unsigned int)" (__imp_??0VideoMode@sf@@QAE@III@Z) referenced in function _main
main.obj : error LNK2019: unresolved external symbol "__declspec(dllimport) public: void __thiscall sf::Window::create(class sf::VideoMode,class sf::String const &,unsigned int,struct sf::ContextSettings const &)" (__imp_?create@Window@sf@@QAEXVVideoMode@2@ABVString@2@IABUContextSettings@2@@Z) referenced in function _main
main.obj : error LNK2019: unresolved external symbol "__declspec(dllimport) public: void __thiscall sf::Window::close(void)" (__imp_?close@Window@sf@@QAEXXZ) referenced in function _main
main.obj : error LNK2019: unresolved external symbol "__declspec(dllimport) public: bool __thiscall sf::Window::isOpen(void)const " (__imp_?isOpen@Window@sf@@QBE_NXZ) referenced in function _main
main.obj : error LNK2019: unresolved external symbol "__declspec(dllimport) public: bool __thiscall sf::Window::pollEvent(class sf::Event &)" (__imp_?pollEvent@Window@sf@@QAE_NAAVEvent@2@@Z) referenced in function _main
main.obj : error LNK2019: unresolved external symbol "__declspec(dllimport) public: void __thiscall sf::Window::setFramerateLimit(unsigned int)" (__imp_?setFramerateLimit@Window@sf@@QAEXI@Z) referenced in function _main
main.obj : error LNK2019: unresolved external symbol "__declspec(dllimport) public: void __thiscall sf::Window::display(void)" (__imp_?display@Window@sf@@QAEXXZ) referenced in function _main
main.obj : error LNK2019: unresolved external symbol "__declspec(dllimport) public: void __thiscall sf::RenderTarget::clear(class sf::Color const &)" (__imp_?clear@RenderTarget@sf@@QAEXABVColor@2@@Z) referenced in function _main
main.obj : error LNK2019: unresolved external symbol "__declspec(dllimport) public: __thiscall sf::RenderWindow::RenderWindow(void)" (__imp_??0RenderWindow@sf@@QAE@XZ) referenced in function "void __cdecl `dynamic initializer for 'g_Window''(void)" (??__Eg_Window@@YAXXZ)
main.obj : error LNK2019: unresolved external symbol "__declspec(dllimport) public: virtual __thiscall sf::RenderWindow::~RenderWindow(void)" (__imp_??1RenderWindow@sf@@UAE@XZ) referenced in function "public: virtual void * __thiscall sf::RenderWindow::`scalar deleting destructor'(unsigned int)" (??_GRenderWindow@sf@@UAEPAXI@Z)
E:\Counter-Strike Team Coacher Project\Base\Debug\Counter-Strike Team Coacher.exe : fatal error LNK1120: 29 unresolved externals
