C:\Program Files (x86)\MSBuild\Microsoft.Cpp\v4.0\V140\Microsoft.CppBuild.targets(392,5): warning MSB8028: The intermediate directory (Release\) contains files shared from another project (Counter-Strike Team Coacher.vcxproj, Empiria.vcxproj, Local Travian.vcxproj, Pokero.vcxproj).  This can lead to incorrect clean and rebuild behavior.
  CellWars.cpp
h:\codes\cell wars\base\empiria\fastParser.h(2): warning C4005: '_CRT_SECURE_NO_WARNINGS': macro redefinition
  h:\codes\cell wars\base\empiria\fastParser.h(2): note: command-line arguments:  see previous definition of '_CRT_SECURE_NO_WARNINGS'
h:\codes\cell wars\base\empiria\includes.h(88): warning C4800: 'SHORT': forcing value to bool 'true' or 'false' (performance warning)
h:\codes\cell wars\base\empiria\includes.h(89): warning C4800: 'SHORT': forcing value to bool 'true' or 'false' (performance warning)
h:\codes\cell wars\base\empiria\structs.h(171): warning C4244: '=': conversion from 'int' to 'float', possible loss of data
h:\codes\cell wars\base\empiria\structs.h(172): warning C4244: '=': conversion from 'int' to 'float', possible loss of data
h:\codes\cell wars\base\empiria\structs.h(174): warning C4244: '=': conversion from 'int' to 'float', possible loss of data
CellWars.cpp(28): warning C4244: 'initializing': conversion from '__int64' to 'int', possible loss of data
CellWars.cpp(77): warning C4244: '+=': conversion from 'double' to 'float', possible loss of data
CellWars.cpp(78): warning C4244: '-=': conversion from 'double' to 'float', possible loss of data
CellWars.cpp(82): warning C4244: '=': conversion from 'double' to 'float', possible loss of data
CellWars.cpp(136): warning C4244: '=': conversion from 'int' to 'float', possible loss of data
CellWars.cpp(137): warning C4244: '=': conversion from 'int' to 'float', possible loss of data
CellWars.cpp(138): warning C4244: '=': conversion from 'int' to 'float', possible loss of data
CellWars.cpp(139): warning C4244: '=': conversion from 'int' to 'float', possible loss of data
CellWars.cpp(162): warning C4244: '=': conversion from 'double' to 'float', possible loss of data
CellWars.cpp(165): warning C4244: '=': conversion from 'double' to 'float', possible loss of data
CellWars.cpp(168): warning C4244: '=': conversion from 'double' to 'float', possible loss of data
CellWars.cpp(216): warning C4244: 'initializing': conversion from 'double' to 'float', possible loss of data
CellWars.cpp(217): warning C4244: 'initializing': conversion from 'double' to 'float', possible loss of data
CellWars.cpp(222): warning C4244: 'initializing': conversion from 'double' to 'float', possible loss of data
CellWars.cpp(223): warning C4244: 'initializing': conversion from 'double' to 'float', possible loss of data
CellWars.cpp(321): warning C4244: 'initializing': conversion from '__int64' to 'int', possible loss of data
CellWars.cpp(352): warning C4244: 'argument': conversion from 'int' to 'float', possible loss of data
CellWars.cpp(357): warning C4244: 'argument': conversion from 'int' to 'float', possible loss of data
CellWars.cpp(363): warning C4244: 'argument': conversion from 'int' to 'float', possible loss of data
CellWars.cpp(366): warning C4244: 'argument': conversion from 'int' to 'float', possible loss of data
CellWars.cpp(373): warning C4244: 'argument': conversion from 'int' to 'float', possible loss of data
CellWars.cpp(402): warning C4244: '=': conversion from 'double' to 'float', possible loss of data
CellWars.cpp(413): warning C4244: '=': conversion from 'int' to 'float', possible loss of data
CellWars.cpp(444): warning C4244: 'initializing': conversion from '__int64' to 'int', possible loss of data
CellWars.cpp(477): warning C4244: '=': conversion from 'double' to 'float', possible loss of data
CellWars.cpp(513): warning C4244: 'return': conversion from 'double' to 'float', possible loss of data
CellWars.cpp(619): warning C4244: 'argument': conversion from 'float' to 'int', possible loss of data
CellWars.cpp(653): warning C4244: 'argument': conversion from 'float' to 'int', possible loss of data
CellWars.cpp(762): warning C4244: 'argument': conversion from 'int' to 'float', possible loss of data
CellWars.cpp(772): warning C4244: 'argument': conversion from 'int' to 'float', possible loss of data
CellWars.cpp(787): warning C4244: 'initializing': conversion from 'int' to 'float', possible loss of data
CellWars.cpp(883): warning C4244: 'initializing': conversion from '__int64' to 'int', possible loss of data
CellWars.cpp(901): warning C4244: 'initializing': conversion from 'float' to 'int', possible loss of data
CellWars.cpp(937): warning C4244: 'initializing': conversion from 'float' to 'int', possible loss of data
CellWars.cpp(1007): warning C4244: 'initializing': conversion from '__int64' to 'int', possible loss of data
CellWars.cpp(1011): warning C4244: 'argument': conversion from 'float' to 'int', possible loss of data
CellWars.cpp(1283): warning C4244: 'initializing': conversion from 'float' to 'int', possible loss of data
CellWars.cpp(1514): warning C4244: 'initializing': conversion from '__int64' to 'int', possible loss of data
CellWars.cpp(1638): warning C4244: 'initializing': conversion from '__int64' to 'int', possible loss of data
  Generating code
  38 of 346 functions (11.0%) were compiled, the rest were copied from previous compilation.
    0 functions were new in current compilation
    6 functions had inline decision re-evaluated but remain unchanged
  Finished generating code
  Empiria.vcxproj -> H:\Codes\Cell Wars\Base\Release\Cell Wars.exe
  Empiria.vcxproj -> H:\Codes\Cell Wars\Base\Release\Cell Wars.pdb (Full PDB)
